d:\21815938\semesta 2\data structures\project\co658 - project 21815938\co658 - project 21815938\debug\vc142.pdb
d:\21815938\semesta 2\data structures\project\co658 - project 21815938\co658 - project 21815938\debug\vc142.idb
d:\21815938\semesta 2\data structures\project\co658 - project 21815938\co658 - project 21815938\debug\tree.obj
d:\21815938\semesta 2\data structures\project\co658 - project 21815938\co658 - project 21815938\debug\spacemanager.obj
d:\21815938\semesta 2\data structures\project\co658 - project 21815938\co658 - project 21815938\debug\room.obj
d:\21815938\semesta 2\data structures\project\co658 - project 21815938\co658 - project 21815938\debug\pilot.obj
d:\21815938\semesta 2\data structures\project\co658 - project 21815938\co658 - project 21815938\debug\oxygentank.obj
d:\21815938\semesta 2\data structures\project\co658 - project 21815938\co658 - project 21815938\debug\oxygenlinkedstack.obj
d:\21815938\semesta 2\data structures\project\co658 - project 21815938\co658 - project 21815938\debug\mechanic.obj
d:\21815938\semesta 2\data structures\project\co658 - project 21815938\co658 - project 21815938\debug\habitat.obj
d:\21815938\semesta 2\data structures\project\co658 - project 21815938\co658 - project 21815938\debug\engineerstation.obj
d:\21815938\semesta 2\data structures\project\co658 - project 21815938\co658 - project 21815938\debug\cockpit.obj
d:\21815938\semesta 2\data structures\project\co658 - project 21815938\co658 - project 21815938\debug\botanist.obj
d:\21815938\semesta 2\data structures\project\co658 - project 21815938\co658 - project 21815938\debug\astronaut.obj
d:\21815938\semesta 2\data structures\project\co658 - project 21815938\co658 - project 21815938\debug\oxygensorter.obj
d:\21815938\semesta 2\data structures\project\co658 - project 21815938\co658 - project 21815938\debug\co658 - project 21815938.obj
d:\21815938\semesta 2\data structures\project\co658 - project 21815938\debug\co658 - project 21815938.ilk
d:\21815938\semesta 2\data structures\project\co658 - project 21815938\debug\co658 - project 21815938.exe
d:\21815938\semesta 2\data structures\project\co658 - project 21815938\debug\co658 - project 21815938.pdb
d:\21815938\semesta 2\data structures\project\co658 - project 21815938\co658 - project 21815938\debug\co658 - .62e05454.tlog\cl.command.1.tlog
d:\21815938\semesta 2\data structures\project\co658 - project 21815938\co658 - project 21815938\debug\co658 - .62e05454.tlog\cl.read.1.tlog
d:\21815938\semesta 2\data structures\project\co658 - project 21815938\co658 - project 21815938\debug\co658 - .62e05454.tlog\cl.write.1.tlog
d:\21815938\semesta 2\data structures\project\co658 - project 21815938\co658 - project 21815938\debug\co658 - .62e05454.tlog\link.command.1.tlog
d:\21815938\semesta 2\data structures\project\co658 - project 21815938\co658 - project 21815938\debug\co658 - .62e05454.tlog\link.read.1.tlog
d:\21815938\semesta 2\data structures\project\co658 - project 21815938\co658 - project 21815938\debug\co658 - .62e05454.tlog\link.write.1.tlog
